Added Component: Designator=*1(PC817)
Add component. Clean all parameters for all variants
Added Component: Designator=BR1(MB6M)
Add component. Clean all parameters for all variants
Added Component: Designator=C1(tu hoa 8mm)
Add component. Clean all parameters for all variants
Add component (AddParameter): Name = "Chung_Loai"; Value = "C?m"; VariantName = "[No Variations]"
Add component (AddParameter): Name = "Don_Vi"; Value = "Con"; VariantName = "[No Variations]"
Add component (AddParameter): Name = "Kieu_Chan"; Value = ""; VariantName = "[No Variations]"
Add component (AddParameter): Name = "Ma_Hang"; Value = "MH003743"; VariantName = "[No Variations]"
Add component (AddParameter): Name = "So_Chan"; Value = "2"; VariantName = "[No Variations]"
Add component (AddParameter): Name = "Ten_Linh_Kien"; Value = "T? Hóa 2.2uF 400V 8x12MM"; VariantName = "[No Variations]"
Added Component: Designator=C2(tu gom)
Add component. Clean all parameters for all variants
Add component (AddParameter): Name = "Chung_Loai"; Value = "C?m"; VariantName = "[No Variations]"
Add component (AddParameter): Name = "Don_Vi"; Value = "Con"; VariantName = "[No Variations]"
Add component (AddParameter): Name = "Kieu_Chan"; Value = ""; VariantName = "[No Variations]"
Add component (AddParameter): Name = "Ma_Hang"; Value = "MH004761"; VariantName = "[No Variations]"
Add component (AddParameter): Name = "So_Chan"; Value = "2"; VariantName = "[No Variations]"
Add component (AddParameter): Name = "Ten_Linh_Kien"; Value = "T? g?m 104 100nF 50V"; VariantName = "[No Variations]"
Added Component: Designator=C3(tu hoa 13mm)
Add component. Clean all parameters for all variants
Add component (AddParameter): Name = "Chung_Loai"; Value = "C?m"; VariantName = "[No Variations]"
Add component (AddParameter): Name = "Don_Vi"; Value = "Con"; VariantName = "[No Variations]"
Add component (AddParameter): Name = "Kieu_Chan"; Value = ""; VariantName = "[No Variations]"
Add component (AddParameter): Name = "Ma_Hang"; Value = "MH004801"; VariantName = "[No Variations]"
Add component (AddParameter): Name = "So_Chan"; Value = "2"; VariantName = "[No Variations]"
Add component (AddParameter): Name = "Ten_Linh_Kien"; Value = "T? Hóa 22uF 400V 13x20MM"; VariantName = "[No Variations]"
Added Component: Designator=C4(tu hoa 8mm)
Add component. Clean all parameters for all variants
Add component (AddParameter): Name = "Chung_Loai"; Value = "C?m"; VariantName = "[No Variations]"
Add component (AddParameter): Name = "Don_Vi"; Value = "Con"; VariantName = "[No Variations]"
Add component (AddParameter): Name = "Kieu_Chan"; Value = ""; VariantName = "[No Variations]"
Add component (AddParameter): Name = "Ma_Hang"; Value = "MH003743"; VariantName = "[No Variations]"
Add component (AddParameter): Name = "So_Chan"; Value = "2"; VariantName = "[No Variations]"
Add component (AddParameter): Name = "Ten_Linh_Kien"; Value = "T? Hóa 2.2uF 400V 8x12MM"; VariantName = "[No Variations]"
Added Component: Designator=C5(tu hoa 10mm)
Add component. Clean all parameters for all variants
Add component (AddParameter): Name = "Chung_Loai"; Value = "C?m"; VariantName = "[No Variations]"
Add component (AddParameter): Name = "Don_Vi"; Value = "Con"; VariantName = "[No Variations]"
Add component (AddParameter): Name = "Kieu_Chan"; Value = ""; VariantName = "[No Variations]"
Add component (AddParameter): Name = "Ma_Hang"; Value = "MH006614"; VariantName = "[No Variations]"
Add component (AddParameter): Name = "So_Chan"; Value = "2"; VariantName = "[No Variations]"
Add component (AddParameter): Name = "Ten_Linh_Kien"; Value = "T? Hóa 1000uF 10V 10x12MM"; VariantName = "[No Variations]"
Added Component: Designator=C6(tu hoa 10mm)
Add component. Clean all parameters for all variants
Add component (AddParameter): Name = "Chung_Loai"; Value = "C?m"; VariantName = "[No Variations]"
Add component (AddParameter): Name = "Don_Vi"; Value = "Con"; VariantName = "[No Variations]"
Add component (AddParameter): Name = "Kieu_Chan"; Value = ""; VariantName = "[No Variations]"
Add component (AddParameter): Name = "Ma_Hang"; Value = "MH006614"; VariantName = "[No Variations]"
Add component (AddParameter): Name = "So_Chan"; Value = "2"; VariantName = "[No Variations]"
Add component (AddParameter): Name = "Ten_Linh_Kien"; Value = "T? Hóa 1000uF 10V 10x12MM"; VariantName = "[No Variations]"
Added Component: Designator=C7(tu hoa 10mm)
Add component. Clean all parameters for all variants
Add component (AddParameter): Name = "Chung_Loai"; Value = "C?m"; VariantName = "[No Variations]"
Add component (AddParameter): Name = "Don_Vi"; Value = "Con"; VariantName = "[No Variations]"
Add component (AddParameter): Name = "Kieu_Chan"; Value = ""; VariantName = "[No Variations]"
Add component (AddParameter): Name = "Ma_Hang"; Value = "MH006614"; VariantName = "[No Variations]"
Add component (AddParameter): Name = "So_Chan"; Value = "2"; VariantName = "[No Variations]"
Add component (AddParameter): Name = "Ten_Linh_Kien"; Value = "T? Hóa 1000uF 10V 10x12MM"; VariantName = "[No Variations]"
Added Component: Designator=C8(tu hoa 5mm)
Add component. Clean all parameters for all variants
Add component (AddParameter): Name = "Chung_Loai"; Value = "C?m"; VariantName = "[No Variations]"
Add component (AddParameter): Name = "Don_Vi"; Value = "Con"; VariantName = "[No Variations]"
Add component (AddParameter): Name = "Kieu_Chan"; Value = ""; VariantName = "[No Variations]"
Add component (AddParameter): Name = "Ma_Hang"; Value = "MH006853"; VariantName = "[No Variations]"
Add component (AddParameter): Name = "So_Chan"; Value = "2"; VariantName = "[No Variations]"
Add component (AddParameter): Name = "Ten_Linh_Kien"; Value = "T? Hóa 0.1uF 50V"; VariantName = "[No Variations]"
Added Component: Designator=C9(tu hoa 5mm)
Add component. Clean all parameters for all variants
Add component (AddParameter): Name = "Chung_Loai"; Value = "C?m"; VariantName = "[No Variations]"
Add component (AddParameter): Name = "Don_Vi"; Value = "Con"; VariantName = "[No Variations]"
Add component (AddParameter): Name = "Kieu_Chan"; Value = ""; VariantName = "[No Variations]"
Add component (AddParameter): Name = "Ma_Hang"; Value = "MH006853"; VariantName = "[No Variations]"
Add component (AddParameter): Name = "So_Chan"; Value = "2"; VariantName = "[No Variations]"
Add component (AddParameter): Name = "Ten_Linh_Kien"; Value = "T? Hóa 0.1uF 50V"; VariantName = "[No Variations]"
Added Component: Designator=C10(tu hoa 5mm)
Add component. Clean all parameters for all variants
Add component (AddParameter): Name = "Chung_Loai"; Value = "C?m"; VariantName = "[No Variations]"
Add component (AddParameter): Name = "Don_Vi"; Value = "Con"; VariantName = "[No Variations]"
Add component (AddParameter): Name = "Kieu_Chan"; Value = ""; VariantName = "[No Variations]"
Add component (AddParameter): Name = "Ma_Hang"; Value = "MH001347"; VariantName = "[No Variations]"
Add component (AddParameter): Name = "So_Chan"; Value = "2"; VariantName = "[No Variations]"
Add component (AddParameter): Name = "Ten_Linh_Kien"; Value = "T? Hóa 100uF 16V 5x7MM"; VariantName = "[No Variations]"
Added Component: Designator=D1(DIODE SMA)
Add component. Clean all parameters for all variants
Add component (AddParameter): Name = "Chung_Loai"; Value = "Dán"; VariantName = "[No Variations]"
Add component (AddParameter): Name = "Don_Vi"; Value = "Con"; VariantName = "[No Variations]"
Add component (AddParameter): Name = "Ghi_Chu"; Value = ""; VariantName = "[No Variations]"
Add component (AddParameter): Name = "Kieu_Chan"; Value = ""; VariantName = "[No Variations]"
Add component (AddParameter): Name = "Ma_Hang"; Value = "MH002104"; VariantName = "[No Variations]"
Add component (AddParameter): Name = "Ten_Linh_Kien"; Value = "Diode SS34 3A 40V SMA ( 1N5822 SS34A)"; VariantName = "[No Variations]"
Added Component: Designator=D2(RS1M SMA)
Add component. Clean all parameters for all variants
Added Component: Designator=F1(Cau Chi SMD1808)
Add component. Clean all parameters for all variants
Add component (AddParameter): Name = "Ma_Hang"; Value = "MH009241"; VariantName = "[No Variations]"
Add component (AddParameter): Name = "Ten"; Value = "C?u Chì 0.5A 125V SMD1808 0451.500MRL"; VariantName = "[No Variations]"
Added Component: Designator=I1(DK1203)
Add component. Clean all parameters for all variants
Added Component: Designator=IC1(qto-92)
Add component. Clean all parameters for all variants
Add component (AddParameter): Name = "Value"; Value = "TL431"; VariantName = "[No Variations]"
Added Component: Designator=KF1(Con 2 KF301 5.08)
Add component. Clean all parameters for all variants
Add component (AddParameter): Name = "Chung_Loai"; Value = "C?m"; VariantName = "[No Variations]"
Add component (AddParameter): Name = "Don_Vi"; Value = "Con"; VariantName = "[No Variations]"
Add component (AddParameter): Name = "Ghi_Chu"; Value = ""; VariantName = "[No Variations]"
Add component (AddParameter): Name = "Kieu_Chan"; Value = ""; VariantName = "[No Variations]"
Add component (AddParameter): Name = "Ma_Hang"; Value = "MH000987"; VariantName = "[No Variations]"
Add component (AddParameter): Name = "Ten_Linh_Kien"; Value = "CON 2 KF301-2P 5.08MM Xanh Duong"; VariantName = "[No Variations]"
Added Component: Designator=L1(Trans EE13)
Add component. Clean all parameters for all variants
Added Component: Designator=L2(Cuon Cam 7x7x5)
Add component. Clean all parameters for all variants
Add component (AddParameter): Name = "Chung_Loai"; Value = "Dán"; VariantName = "[No Variations]"
Add component (AddParameter): Name = "Don_Vi"; Value = "Con"; VariantName = "[No Variations]"
Add component (AddParameter): Name = "Ghi_Chu"; Value = ""; VariantName = "[No Variations]"
Add component (AddParameter): Name = "Kieu_Chan"; Value = ""; VariantName = "[No Variations]"
Add component (AddParameter): Name = "Ma_Hang"; Value = "MH004211"; VariantName = "[No Variations]"
Add component (AddParameter): Name = "Ten_Linh_Kien"; Value = "Cu?n C?m 47uH 7x7x4MM CD74R"; VariantName = "[No Variations]"
Added Component: Designator=L3(LED-5MM-RED)
Add component. Clean all parameters for all variants
Add component (AddParameter): Name = "Chung_Loai"; Value = "C?m"; VariantName = "[No Variations]"
Add component (AddParameter): Name = "Don_Vi"; Value = "Con"; VariantName = "[No Variations]"
Add component (AddParameter): Name = "Ghi_Chu"; Value = ""; VariantName = "[No Variations]"
Add component (AddParameter): Name = "Kieu_Chan"; Value = ""; VariantName = "[No Variations]"
Add component (AddParameter): Name = "Ma_Hang"; Value = "MH008967"; VariantName = "[No Variations]"
Add component (AddParameter): Name = "Ten_Linh_Kien"; Value = "Led 5MM Ph? Ð? (1000c)"; VariantName = "[No Variations]"
Added Component: Designator=R1(Inrush current limiter)
Add component. Clean all parameters for all variants
Added Component: Designator=R2(tro smd 1206)
Add component. Clean all parameters for all variants
Add component (AddParameter): Name = "Chung_Loai"; Value = "Dán"; VariantName = "[No Variations]"
Add component (AddParameter): Name = "Don_Vi"; Value = "Con"; VariantName = "[No Variations]"
Add component (AddParameter): Name = "Kieu_Chan"; Value = ""; VariantName = "[No Variations]"
Add component (AddParameter): Name = "Ma_Hang"; Value = "MH005880"; VariantName = "[No Variations]"
Add component (AddParameter): Name = "So_Chan"; Value = "2"; VariantName = "[No Variations]"
Add component (AddParameter): Name = "Ten_Linh_Kien"; Value = "Tr? 1206 1% 1k"; VariantName = "[No Variations]"
Added Component: Designator=R3(Tro smd 1206)
Add component. Clean all parameters for all variants
Add component (AddParameter): Name = "Chung_Loai"; Value = "Dán"; VariantName = "[No Variations]"
Add component (AddParameter): Name = "Don_Vi"; Value = "Con"; VariantName = "[No Variations]"
Add component (AddParameter): Name = "Kieu_Chan"; Value = ""; VariantName = "[No Variations]"
Add component (AddParameter): Name = "Ma_Hang"; Value = "MH005927"; VariantName = "[No Variations]"
Add component (AddParameter): Name = "So_Chan"; Value = "2"; VariantName = "[No Variations]"
Add component (AddParameter): Name = "Ten_Linh_Kien"; Value = "Tr? 1206 5% 390R"; VariantName = "[No Variations]"
Added Component: Designator=R4(tro smd 1206)
Add component. Clean all parameters for all variants
Add component (AddParameter): Name = "Chung_Loai"; Value = "Dán"; VariantName = "[No Variations]"
Add component (AddParameter): Name = "Don_Vi"; Value = "Con"; VariantName = "[No Variations]"
Add component (AddParameter): Name = "Kieu_Chan"; Value = ""; VariantName = "[No Variations]"
Add component (AddParameter): Name = "Ma_Hang"; Value = "MH005889"; VariantName = "[No Variations]"
Add component (AddParameter): Name = "So_Chan"; Value = "2"; VariantName = "[No Variations]"
Add component (AddParameter): Name = "Ten_Linh_Kien"; Value = "Tr? 1206 1% 68k"; VariantName = "[No Variations]"
Added Component: Designator=R5(tro smd 1206)
Add component. Clean all parameters for all variants
Add component (AddParameter): Name = "Chung_Loai"; Value = "Dán"; VariantName = "[No Variations]"
Add component (AddParameter): Name = "Don_Vi"; Value = "Con"; VariantName = "[No Variations]"
Add component (AddParameter): Name = "Kieu_Chan"; Value = ""; VariantName = "[No Variations]"
Add component (AddParameter): Name = "Ma_Hang"; Value = "MH005880"; VariantName = "[No Variations]"
Add component (AddParameter): Name = "So_Chan"; Value = "2"; VariantName = "[No Variations]"
Add component (AddParameter): Name = "Ten_Linh_Kien"; Value = "Tr? 1206 1% 1k"; VariantName = "[No Variations]"
Added Component: Designator=R6(tro smd 1206)
Add component. Clean all parameters for all variants
Add component (AddParameter): Name = "Chung_Loai"; Value = "Dán"; VariantName = "[No Variations]"
Add component (AddParameter): Name = "Don_Vi"; Value = "Con"; VariantName = "[No Variations]"
Add component (AddParameter): Name = "Kieu_Chan"; Value = ""; VariantName = "[No Variations]"
Add component (AddParameter): Name = "Ma_Hang"; Value = "MH005908"; VariantName = "[No Variations]"
Add component (AddParameter): Name = "So_Chan"; Value = "2"; VariantName = "[No Variations]"
Add component (AddParameter): Name = "Ten_Linh_Kien"; Value = "Tr? 1206 5% 4.7k"; VariantName = "[No Variations]"
Added Component: Designator=R7(tro smd 1206)
Add component. Clean all parameters for all variants
Add component (AddParameter): Name = "Chung_Loai"; Value = "Dán"; VariantName = "[No Variations]"
Add component (AddParameter): Name = "Don_Vi"; Value = "Con"; VariantName = "[No Variations]"
Add component (AddParameter): Name = "Kieu_Chan"; Value = ""; VariantName = "[No Variations]"
Add component (AddParameter): Name = "Ma_Hang"; Value = "MH005908"; VariantName = "[No Variations]"
Add component (AddParameter): Name = "So_Chan"; Value = "2"; VariantName = "[No Variations]"
Add component (AddParameter): Name = "Ten_Linh_Kien"; Value = "Tr? 1206 5% 4.7k"; VariantName = "[No Variations]"
Added Component: Designator=R8(tro smd 1206)
Add component. Clean all parameters for all variants
Add component (AddParameter): Name = "Chung_Loai"; Value = "Dán"; VariantName = "[No Variations]"
Add component (AddParameter): Name = "Don_Vi"; Value = "Con"; VariantName = "[No Variations]"
Add component (AddParameter): Name = "Kieu_Chan"; Value = ""; VariantName = "[No Variations]"
Add component (AddParameter): Name = "Ma_Hang"; Value = "MH005908"; VariantName = "[No Variations]"
Add component (AddParameter): Name = "So_Chan"; Value = "2"; VariantName = "[No Variations]"
Add component (AddParameter): Name = "Ten_Linh_Kien"; Value = "Tr? 1206 5% 4.7k"; VariantName = "[No Variations]"
Added Component: Designator=T1(UU8.9 103)
Add component. Clean all parameters for all variants
Added Component: Designator=USB A1(USB A)
Add component. Clean all parameters for all variants
Added Component: Designator=VR1(Bien Tro Tam Giac Dung)
Add component. Clean all parameters for all variants
Add component (AddParameter): Name = "Chung_Loai"; Value = "C?m"; VariantName = "[No Variations]"
Add component (AddParameter): Name = "Don_Vi"; Value = "Con"; VariantName = "[No Variations]"
Add component (AddParameter): Name = "Ghi_Chu"; Value = ""; VariantName = "[No Variations]"
Add component (AddParameter): Name = "Kieu_Chan"; Value = ""; VariantName = "[No Variations]"
Add component (AddParameter): Name = "Ma_Hang"; Value = "MH003709"; VariantName = "[No Variations]"
Add component (AddParameter): Name = "Ten_Linh_Kien"; Value = "Bi?n Tr? Tam Giác 102-1K RM065"; VariantName = "[No Variations]"
Added Pin To Net: NetName=5V-1 Pin=C5-1
Added Pin To Net: NetName=5V-1 Pin=D1-2
Added Pin To Net: NetName=5V-1 Pin=L2-1
Added Pin To Net: NetName=5V-1 Pin=R5-2
Added Net: Name=5V-1
Added Pin To Net: NetName=5V-2 Pin=C6-1
Added Pin To Net: NetName=5V-2 Pin=C7-1
Added Pin To Net: NetName=5V-2 Pin=L2-2
Added Pin To Net: NetName=5V-2 Pin=R2-2
Added Pin To Net: NetName=5V-2 Pin=R3-2
Added Pin To Net: NetName=5V-2 Pin=R6-2
Added Pin To Net: NetName=5V-2 Pin=USB A1-1
Added Net: Name=5V-2
Added Pin To Net: NetName=DCLine Pin=BR1-1
Added Pin To Net: NetName=DCLine Pin=C3-1
Added Pin To Net: NetName=DCLine Pin=C4-1
Added Pin To Net: NetName=DCLine Pin=L1-1
Added Pin To Net: NetName=DCLine Pin=R4-2
Added Net: Name=DCLine
Added Pin To Net: NetName=GND-1 Pin=*1-3
Added Pin To Net: NetName=GND-1 Pin=BR1-2
Added Pin To Net: NetName=GND-1 Pin=C1-2
Added Pin To Net: NetName=GND-1 Pin=C8-2
Added Pin To Net: NetName=GND-1 Pin=C10-2
Added Pin To Net: NetName=GND-1 Pin=I1-3
Added Net: Name=GND-1
Added Pin To Net: NetName=GND-2 Pin=C1-1
Added Pin To Net: NetName=GND-2 Pin=C3-2
Added Pin To Net: NetName=GND-2 Pin=C5-2
Added Pin To Net: NetName=GND-2 Pin=C6-2
Added Pin To Net: NetName=GND-2 Pin=C7-2
Added Pin To Net: NetName=GND-2 Pin=IC1-2
Added Pin To Net: NetName=GND-2 Pin=L1-6
Added Pin To Net: NetName=GND-2 Pin=L1-7
Added Pin To Net: NetName=GND-2 Pin=L3-2
Added Pin To Net: NetName=GND-2 Pin=R3-1
Added Pin To Net: NetName=GND-2 Pin=USB A1-4
Added Pin To Net: NetName=GND-2 Pin=VR1-2
Added Net: Name=GND-2
Added Pin To Net: NetName=Net*1_1 Pin=*1-1
Added Pin To Net: NetName=Net*1_1 Pin=R5-1
Added Pin To Net: NetName=Net*1_1 Pin=R7-2
Added Net: Name=Net*1_1
Added Pin To Net: NetName=Net*1_2 Pin=*1-2
Added Pin To Net: NetName=Net*1_2 Pin=C9-1
Added Pin To Net: NetName=Net*1_2 Pin=IC1-3
Added Pin To Net: NetName=Net*1_2 Pin=R7-1
Added Net: Name=Net*1_2
Added Pin To Net: NetName=Net*1_4 Pin=*1-4
Added Pin To Net: NetName=Net*1_4 Pin=C8-1
Added Pin To Net: NetName=Net*1_4 Pin=I1-5
Added Net: Name=Net*1_4
Added Pin To Net: NetName=NetBR1_3 Pin=BR1-3
Added Pin To Net: NetName=NetBR1_3 Pin=T1-2
Added Net: Name=NetBR1_3
Added Pin To Net: NetName=NetBR1_4 Pin=BR1-4
Added Pin To Net: NetName=NetBR1_4 Pin=T1-4
Added Net: Name=NetBR1_4
Added Pin To Net: NetName=NetC2_1 Pin=C2-1
Added Pin To Net: NetName=NetC2_1 Pin=F1-2
Added Pin To Net: NetName=NetC2_1 Pin=R1-2
Added Pin To Net: NetName=NetC2_1 Pin=T1-3
Added Net: Name=NetC2_1
Added Pin To Net: NetName=NetC2_2 Pin=C2-2
Added Pin To Net: NetName=NetC2_2 Pin=KF1-1
Added Pin To Net: NetName=NetC2_2 Pin=R1-1
Added Pin To Net: NetName=NetC2_2 Pin=T1-1
Added Net: Name=NetC2_2
Added Pin To Net: NetName=NetC4_2 Pin=C4-2
Added Pin To Net: NetName=NetC4_2 Pin=D2-1
Added Pin To Net: NetName=NetC4_2 Pin=R4-1
Added Net: Name=NetC4_2
Added Pin To Net: NetName=NetC9_2 Pin=C9-2
Added Pin To Net: NetName=NetC9_2 Pin=IC1-1
Added Pin To Net: NetName=NetC9_2 Pin=R6-1
Added Pin To Net: NetName=NetC9_2 Pin=R8-2
Added Net: Name=NetC9_2
Added Pin To Net: NetName=NetC10_1 Pin=C10-1
Added Pin To Net: NetName=NetC10_1 Pin=I1-2
Added Net: Name=NetC10_1
Added Pin To Net: NetName=NetD1_1 Pin=D1-1
Added Pin To Net: NetName=NetD1_1 Pin=L1-9
Added Pin To Net: NetName=NetD1_1 Pin=L1-10
Added Net: Name=NetD1_1
Added Pin To Net: NetName=NetD2_2 Pin=D2-2
Added Pin To Net: NetName=NetD2_2 Pin=I1-7
Added Pin To Net: NetName=NetD2_2 Pin=I1-8
Added Pin To Net: NetName=NetD2_2 Pin=L1-5
Added Net: Name=NetD2_2
Added Pin To Net: NetName=NetF1_1 Pin=F1-1
Added Pin To Net: NetName=NetF1_1 Pin=KF1-2
Added Net: Name=NetF1_1
Added Pin To Net: NetName=NetL3_1 Pin=L3-1
Added Pin To Net: NetName=NetL3_1 Pin=R2-1
Added Net: Name=NetL3_1
Added Pin To Net: NetName=NetR8_1 Pin=R8-1
Added Pin To Net: NetName=NetR8_1 Pin=VR1-3
Added Net: Name=NetR8_1
Added Class: Name=SCH
